<?xml version="1.0" encoding="UTF-8"?>
<!-- Generated by org.testng.reporters.JUnitXMLReporter -->
<testsuite ignored="0" hostname="Krish" failures="0" tests="3" name="Default test" time="21.177" errors="0" timestamp="2023-09-03T14:13:31 IST">
  <testcase classname="TestNg.DataProvider_Explanation" name="demo" time="8.837"/>
  <testcase classname="TestNg.DataProvider_Explanation" name="demo" time="5.912"/>
  <testcase classname="TestNg.DataProvider_Explanation" name="demo" time="6.323"/>
</testsuite> <!-- Default test -->
