<?xml version="1.0" encoding="UTF-8"?>
<testng-results ignored="0" total="2" passed="2" failed="0" skipped="0">
  <reporter-output>
  </reporter-output>
  <suite started-at="2023-09-03T19:05:36 IST" name="Suite" finished-at="2023-09-03T19:05:47 IST" duration-ms="11191">
    <groups>
    </groups>
    <test started-at="2023-09-03T19:05:36 IST" name="Test1" finished-at="2023-09-03T19:05:43 IST" duration-ms="6437">
      <class name="TestNg_Parallel.TestNg_CrossBrowser">
        <test-method signature="facebook(java.lang.String)[pri:0, instance:TestNg_Parallel.TestNg_CrossBrowser@4d154ccd]" started-at="2023-09-03T19:05:36 IST" name="facebook" finished-at="2023-09-03T19:05:43 IST" duration-ms="6341" status="PASS">
          <params>
            <param index="0">
              <value>
                <![CDATA[edge]]>
              </value>
            </param>
          </params>
          <reporter-output>
          </reporter-output>
        </test-method> <!-- facebook -->
      </class> <!-- TestNg_Parallel.TestNg_CrossBrowser -->
    </test> <!-- Test1 -->
    <test started-at="2023-09-03T19:05:36 IST" name="Test2" finished-at="2023-09-03T19:05:47 IST" duration-ms="11176">
      <class name="TestNg_Parallel.TestNg_CrossBrowser">
        <test-method signature="facebook(java.lang.String)[pri:0, instance:TestNg_Parallel.TestNg_CrossBrowser@17f9d882]" started-at="2023-09-03T19:05:36 IST" name="facebook" finished-at="2023-09-03T19:05:47 IST" duration-ms="11107" status="PASS">
          <params>
            <param index="0">
              <value>
                <![CDATA[firefox]]>
              </value>
            </param>
          </params>
          <reporter-output>
          </reporter-output>
        </test-method> <!-- facebook -->
      </class> <!-- TestNg_Parallel.TestNg_CrossBrowser -->
    </test> <!-- Test2 -->
  </suite> <!-- Suite -->
</testng-results>
